<?xml version="1.0" encoding="UTF-8"?>
<!-- Generated by org.testng.reporters.JUnitReportReporter -->
<testsuite hostname="suresh" name="TestNG_DAY2.ReoOutbroker_InvoicIng" tests="3" failures="0" timestamp="19 May 2020 14:14:16 GMT" time="0.000" errors="3">
  <testcase name="reobrokerInvoiceToOutosurcer" time="0.000" classname="TestNG_DAY2.ReoOutbroker_InvoicIng">
    <error type="org.testng.TestNGException" message="
Parameter &#039;url&#039; is required by @Test on method reobrokerInvoiceToOutosurcer but has not been marked @Optional or defined
in E:\Oxygen_TestNgExperiments\TestNg_Experiments\TestNG_InvocingLoginProject_DataProvider_DAY3_5.xml">
      <![CDATA[org.testng.TestNGException: 
Parameter 'url' is required by @Test on method reobrokerInvoiceToOutosurcer but has not been marked @Optional or defined
in E:\Oxygen_TestNgExperiments\TestNg_Experiments\TestNG_InvocingLoginProject_DataProvider_DAY3_5.xml
	at org.testng.internal.Parameters.createParameters(Parameters.java:154)
	at org.testng.internal.Parameters.createParameters(Parameters.java:361)
	at org.testng.internal.Parameters.handleParameters(Parameters.java:451)
	at org.testng.internal.Invoker.handleParameters(Invoker.java:1243)
	at org.testng.internal.Invoker.createParameters(Invoker.java:992)
	at org.testng.internal.Invoker.invokeTestMethods(Invoker.java:1082)
	at org.testng.internal.TestMethodWorker.invokeTestMethods(TestMethodWorker.java:129)
	at org.testng.internal.TestMethodWorker.run(TestMethodWorker.java:112)
	at org.testng.TestRunner.privateRun(TestRunner.java:778)
	at org.testng.TestRunner.run(TestRunner.java:632)
	at org.testng.SuiteRunner.runTest(SuiteRunner.java:366)
	at org.testng.SuiteRunner.runSequentially(SuiteRunner.java:361)
	at org.testng.SuiteRunner.privateRun(SuiteRunner.java:319)
	at org.testng.SuiteRunner.run(SuiteRunner.java:268)
	at org.testng.SuiteRunnerWorker.runSuite(SuiteRunnerWorker.java:52)
	at org.testng.SuiteRunnerWorker.run(SuiteRunnerWorker.java:86)
	at org.testng.TestNG.runSuitesSequentially(TestNG.java:1225)
	at org.testng.TestNG.runSuitesLocally(TestNG.java:1150)
	at org.testng.TestNG.runSuites(TestNG.java:1075)
	at org.testng.TestNG.run(TestNG.java:1047)
	at org.testng.remote.AbstractRemoteTestNG.run(AbstractRemoteTestNG.java:126)
	at org.testng.remote.RemoteTestNG.initAndRun(RemoteTestNG.java:137)
	at org.testng.remote.RemoteTestNG.main(RemoteTestNG.java:58)
]]>
    </error>
  </testcase> <!-- reobrokerInvoiceToOutosurcer -->
  <testcase name="reoBrokeraddOTAamount" time="0.000" classname="TestNG_DAY2.ReoOutbroker_InvoicIng">
    <error type="org.testng.TestNGException" message="
Parameter &#039;url&#039; is required by @Test on method reoBrokeraddOTAamount but has not been marked @Optional or defined
in E:\Oxygen_TestNgExperiments\TestNg_Experiments\TestNG_InvocingLoginProject_DataProvider_DAY3_5.xml">
      <![CDATA[org.testng.TestNGException: 
Parameter 'url' is required by @Test on method reoBrokeraddOTAamount but has not been marked @Optional or defined
in E:\Oxygen_TestNgExperiments\TestNg_Experiments\TestNG_InvocingLoginProject_DataProvider_DAY3_5.xml
	at org.testng.internal.Parameters.createParameters(Parameters.java:154)
	at org.testng.internal.Parameters.createParameters(Parameters.java:361)
	at org.testng.internal.Parameters.handleParameters(Parameters.java:451)
	at org.testng.internal.Invoker.handleParameters(Invoker.java:1243)
	at org.testng.internal.Invoker.createParameters(Invoker.java:992)
	at org.testng.internal.Invoker.invokeTestMethods(Invoker.java:1082)
	at org.testng.internal.TestMethodWorker.invokeTestMethods(TestMethodWorker.java:129)
	at org.testng.internal.TestMethodWorker.run(TestMethodWorker.java:112)
	at org.testng.TestRunner.privateRun(TestRunner.java:778)
	at org.testng.TestRunner.run(TestRunner.java:632)
	at org.testng.SuiteRunner.runTest(SuiteRunner.java:366)
	at org.testng.SuiteRunner.runSequentially(SuiteRunner.java:361)
	at org.testng.SuiteRunner.privateRun(SuiteRunner.java:319)
	at org.testng.SuiteRunner.run(SuiteRunner.java:268)
	at org.testng.SuiteRunnerWorker.runSuite(SuiteRunnerWorker.java:52)
	at org.testng.SuiteRunnerWorker.run(SuiteRunnerWorker.java:86)
	at org.testng.TestNG.runSuitesSequentially(TestNG.java:1225)
	at org.testng.TestNG.runSuitesLocally(TestNG.java:1150)
	at org.testng.TestNG.runSuites(TestNG.java:1075)
	at org.testng.TestNG.run(TestNG.java:1047)
	at org.testng.remote.AbstractRemoteTestNG.run(AbstractRemoteTestNG.java:126)
	at org.testng.remote.RemoteTestNG.initAndRun(RemoteTestNG.java:137)
	at org.testng.remote.RemoteTestNG.main(RemoteTestNG.java:58)
]]>
    </error>
  </testcase> <!-- reoBrokeraddOTAamount -->
  <testcase name="reoBrokerinvoicetoServicer" time="0.000" classname="TestNG_DAY2.ReoOutbroker_InvoicIng">
    <error type="org.testng.TestNGException" message="
Parameter &#039;url&#039; is required by @Test on method reoBrokerinvoicetoServicer but has not been marked @Optional or defined
in E:\Oxygen_TestNgExperiments\TestNg_Experiments\TestNG_InvocingLoginProject_DataProvider_DAY3_5.xml">
      <![CDATA[org.testng.TestNGException: 
Parameter 'url' is required by @Test on method reoBrokerinvoicetoServicer but has not been marked @Optional or defined
in E:\Oxygen_TestNgExperiments\TestNg_Experiments\TestNG_InvocingLoginProject_DataProvider_DAY3_5.xml
	at org.testng.internal.Parameters.createParameters(Parameters.java:154)
	at org.testng.internal.Parameters.createParameters(Parameters.java:361)
	at org.testng.internal.Parameters.handleParameters(Parameters.java:451)
	at org.testng.internal.Invoker.handleParameters(Invoker.java:1243)
	at org.testng.internal.Invoker.createParameters(Invoker.java:992)
	at org.testng.internal.Invoker.invokeTestMethods(Invoker.java:1082)
	at org.testng.internal.TestMethodWorker.invokeTestMethods(TestMethodWorker.java:129)
	at org.testng.internal.TestMethodWorker.run(TestMethodWorker.java:112)
	at org.testng.TestRunner.privateRun(TestRunner.java:778)
	at org.testng.TestRunner.run(TestRunner.java:632)
	at org.testng.SuiteRunner.runTest(SuiteRunner.java:366)
	at org.testng.SuiteRunner.runSequentially(SuiteRunner.java:361)
	at org.testng.SuiteRunner.privateRun(SuiteRunner.java:319)
	at org.testng.SuiteRunner.run(SuiteRunner.java:268)
	at org.testng.SuiteRunnerWorker.runSuite(SuiteRunnerWorker.java:52)
	at org.testng.SuiteRunnerWorker.run(SuiteRunnerWorker.java:86)
	at org.testng.TestNG.runSuitesSequentially(TestNG.java:1225)
	at org.testng.TestNG.runSuitesLocally(TestNG.java:1150)
	at org.testng.TestNG.runSuites(TestNG.java:1075)
	at org.testng.TestNG.run(TestNG.java:1047)
	at org.testng.remote.AbstractRemoteTestNG.run(AbstractRemoteTestNG.java:126)
	at org.testng.remote.RemoteTestNG.initAndRun(RemoteTestNG.java:137)
	at org.testng.remote.RemoteTestNG.main(RemoteTestNG.java:58)
]]>
    </error>
  </testcase> <!-- reoBrokerinvoicetoServicer -->
</testsuite> <!-- TestNG_DAY2.ReoOutbroker_InvoicIng -->
